__main__ DEBUG helloworld
__main__ DEBUG [1 2 3]
__main__ DEBUG 0
__main__ DEBUG 1
__main__ DEBUG 2
__main__ DEBUG 3
__main__ DEBUG 4
__main__ DEBUG 5
__main__ DEBUG 6
__main__ DEBUG 7
__main__ DEBUG 8
__main__ DEBUG 9
__main__ DEBUG 10
__main__ DEBUG 11
__main__ DEBUG 12
__main__ DEBUG 13
__main__ DEBUG 14
__main__ DEBUG 15
__main__ DEBUG 16
__main__ DEBUG 17
__main__ DEBUG 18
__main__ DEBUG 19
__main__ DEBUG 20
__main__ DEBUG 21
__main__ DEBUG 22
__main__ DEBUG 23
__main__ DEBUG 24
__main__ DEBUG 25
__main__ DEBUG 26
__main__ DEBUG 27
__main__ DEBUG 28
__main__ DEBUG 29
__main__ DEBUG 30
__main__ DEBUG 31
__main__ DEBUG 32
__main__ DEBUG 33
__main__ DEBUG 34
__main__ DEBUG 35
__main__ DEBUG 36
__main__ DEBUG 37
__main__ DEBUG 38
__main__ DEBUG 39
__main__ DEBUG 40
__main__ DEBUG 41
__main__ DEBUG 42
__main__ DEBUG 43
__main__ DEBUG 44
__main__ DEBUG 45
__main__ DEBUG 46
__main__ DEBUG 47
__main__ DEBUG 48
__main__ DEBUG 49
__main__ DEBUG 50
__main__ DEBUG 51
__main__ DEBUG 52
__main__ DEBUG 53
__main__ DEBUG 54
__main__ DEBUG 55
__main__ DEBUG 56
__main__ DEBUG 57
__main__ DEBUG 58
__main__ DEBUG 59
__main__ DEBUG 60
__main__ DEBUG 61
__main__ DEBUG 62
__main__ DEBUG 63
__main__ DEBUG 64
__main__ DEBUG 65
__main__ DEBUG 66
__main__ DEBUG 67
__main__ DEBUG 68
__main__ DEBUG 69
__main__ DEBUG 70
__main__ DEBUG 71
__main__ DEBUG 72
__main__ DEBUG 73
__main__ DEBUG 74
__main__ DEBUG 75
__main__ DEBUG 76
__main__ DEBUG 77
__main__ DEBUG 78
__main__ DEBUG 79
__main__ DEBUG 80
__main__ DEBUG 81
__main__ DEBUG 82
__main__ DEBUG 83
__main__ DEBUG 84
__main__ DEBUG 85
__main__ DEBUG 86
__main__ DEBUG 87
__main__ DEBUG 88
__main__ DEBUG 89
__main__ DEBUG 90
__main__ DEBUG 91
__main__ DEBUG 92
__main__ DEBUG 93
__main__ DEBUG 94
__main__ DEBUG 95
__main__ DEBUG 96
__main__ DEBUG 97
__main__ DEBUG 98
__main__ DEBUG 99
__main__ DEBUG 1
__main__ DEBUG 2
__main__ DEBUG 3
__main__ DEBUG 4
__main__ DEBUG 5
__main__ DEBUG 6
__main__ DEBUG 7
__main__ DEBUG 8
__main__ DEBUG 9
__main__ DEBUG 10
__main__ DEBUG 11
__main__ DEBUG 12
__main__ DEBUG 13
__main__ DEBUG 14
__main__ DEBUG 15
__main__ DEBUG 16
__main__ DEBUG 17
__main__ DEBUG 18
__main__ DEBUG 19
__main__ DEBUG 20
__main__ DEBUG 21
__main__ DEBUG 22
__main__ DEBUG 23
__main__ DEBUG 24
__main__ DEBUG 25
__main__ DEBUG 26
__main__ DEBUG 27
__main__ DEBUG 28
__main__ DEBUG 29
__main__ DEBUG 30
__main__ DEBUG 31
__main__ DEBUG 32
__main__ DEBUG 33
__main__ DEBUG 34
__main__ DEBUG 35
__main__ DEBUG 36
__main__ DEBUG 37
__main__ DEBUG 38
__main__ DEBUG 39
__main__ DEBUG 40
__main__ DEBUG 41
__main__ DEBUG 42
__main__ DEBUG 43
__main__ DEBUG 44
__main__ DEBUG 45
__main__ DEBUG 46
__main__ DEBUG 47
__main__ DEBUG 48
__main__ DEBUG 49
__main__ DEBUG 50
__main__ DEBUG 51
__main__ DEBUG 52
__main__ DEBUG 53
__main__ DEBUG 54
__main__ DEBUG 55
__main__ DEBUG 56
__main__ DEBUG 57
__main__ DEBUG 58
__main__ DEBUG 59
__main__ DEBUG 60
__main__ DEBUG 61
__main__ DEBUG 62
__main__ DEBUG 63
__main__ DEBUG 64
__main__ DEBUG 65
__main__ DEBUG 66
__main__ DEBUG 67
__main__ DEBUG 68
__main__ DEBUG 69
__main__ DEBUG 70
__main__ DEBUG 71
__main__ DEBUG 72
__main__ DEBUG 73
__main__ DEBUG 74
__main__ DEBUG 75
__main__ DEBUG 76
__main__ DEBUG 77
__main__ DEBUG 78
__main__ DEBUG 79
__main__ DEBUG 80
__main__ DEBUG 81
__main__ DEBUG 82
__main__ DEBUG 83
__main__ DEBUG 84
__main__ DEBUG 85
__main__ DEBUG 86
__main__ DEBUG 87
__main__ DEBUG 88
__main__ DEBUG 89
__main__ DEBUG 90
__main__ DEBUG 91
__main__ DEBUG 92
__main__ DEBUG 93
__main__ DEBUG 94
__main__ DEBUG 95
__main__ DEBUG 96
__main__ DEBUG 97
__main__ DEBUG 98
__main__ DEBUG 99
__main__ DEBUG 100
__main__ DEBUG 0.7921810906527099
__main__ DEBUG 0.4745722403863668
__main__ DEBUG 0.20522629525780156
__main__ DEBUG 0.06383766676648817
__main__ DEBUG 0.9181891593641611
__main__ DEBUG 0.36661842363109065
__main__ DEBUG 0.3444086859035408
__main__ DEBUG 0.21990611551293038
__main__ DEBUG 0.17947461436122636
__main__ DEBUG 0.5824834988192018
__main__ DEBUG 开始计算
__main__ DEBUG 500162.17433412815
__main__ DEBUG 结束计算
__main__ DEBUG 开始计算
__main__ DEBUG 500162.1743341036
__main__ DEBUG 结束计算
__main__ DEBUG 开始计算
__main__ DEBUG 49998449.19000465
__main__ DEBUG 结束计算
__main__ DEBUG 开始计算
__main__ DEBUG 49998449.189988986
__main__ DEBUG 结束计算
__main__ DEBUG 开始计算
__main__ DEBUG 50003636.216446914
__main__ DEBUG 结束计算
__main__ DEBUG 开始计算
__main__ DEBUG 50003636.21646181
__main__ DEBUG 结束计算
__main__ DEBUG 开始计算
__main__ DEBUG 49996484.76662283
__main__ DEBUG 结束计算
__main__ DEBUG 开始计算
__main__ DEBUG 49996484.766598016
__main__ DEBUG 结束计算
__main__ DEBUG 开始添加数据
__main__ DEBUG 结束添加数据
__main__ DEBUG 开始计算
__main__ DEBUG 49999189.042672284
__main__ DEBUG 结束计算
__main__ DEBUG 开始计算
__main__ DEBUG 49999189.042674325
__main__ DEBUG 结束计算
__main__ DEBUG 开始添加数据
__main__ DEBUG 结束添加数据
__main__ DEBUG 开始计算
__main__ DEBUG 50000718.97484697
__main__ DEBUG 结束计算
__main__ DEBUG 开始计算
__main__ DEBUG 50000718.974841416
__main__ DEBUG 结束计算
__main__ DEBUG [1 2 3]
__main__ DEBUG [1 2 3]
__main__ DEBUG (3,)
__main__ DEBUG [[1 2 3]
 [4 5 6]
 [7 8 9]]
__main__ DEBUG (3, 3)
__main__ DEBUG [[1 2 3]
 [4 5 6]
 [7 8 9]]
__main__ INFO (3, 3)
__main__ DEBUG [[1 2 3]
 [4 5 6]
 [7 8 9]]
__main__ DEBUG (3, 3)
__main__ DEBUG 2
__main__ DEBUG [[1 2 3]
 [4 5 6]]
__main__ DEBUG (2, 3)
__main__ DEBUG 2
__main__ DEBUG [[1 2 3]
 [4 5 6]]
__main__ DEBUG (2, 3)
__main__ DEBUG 2
__main__ DEBUG 6
__main__ DEBUG [[1 2 3]
 [4 5 6]]
__main__ DEBUG (2, 3)
__main__ DEBUG 2
__main__ DEBUG 6
__main__ DEBUG 4
__main__ DEBUG [[1 2 3]
 [4 5 6]]
__main__ DEBUG (2, 3)
__main__ DEBUG 2
__main__ DEBUG 6
__main__ DEBUG int32
__main__ DEBUG [[1 2 3]
 [4 5 6]]
__main__ DEBUG (2, 3)
__main__ DEBUG 2
__main__ DEBUG 6
__main__ DEBUG int32
__main__ DEBUG ==============
__main__ DEBUG [[0. 0. 0. 0.]
 [0. 0. 0. 0.]
 [0. 0. 0. 0.]]
__main__ DEBUG [[1 2 3]
 [4 5 6]]
__main__ DEBUG (2, 3)
__main__ DEBUG 2
__main__ DEBUG 6
__main__ DEBUG int32
__main__ DEBUG ==============
__main__ DEBUG [[1. 1. 1. 1.]
 [1. 1. 1. 1.]
 [1. 1. 1. 1.]]
__main__ DEBUG [[1 2 3]
 [4 5 6]]
__main__ DEBUG (2, 3)
__main__ DEBUG 2
__main__ DEBUG 6
__main__ DEBUG int32
__main__ DEBUG ==============
__main__ DEBUG [[1 2 3]
 [4 5 6]]
__main__ DEBUG (2, 3)
__main__ DEBUG 2
__main__ DEBUG 6
__main__ DEBUG int32
__main__ DEBUG ==============
__main__ DEBUG [[1 2 3]
 [4 5 6]]
__main__ DEBUG (2, 3)
__main__ DEBUG 2
__main__ DEBUG 6
__main__ DEBUG int32
__main__ DEBUG ==============
__main__ DEBUG [[1 2 3]
 [4 5 6]]
__main__ DEBUG (2, 3)
__main__ DEBUG 2
__main__ DEBUG 6
__main__ DEBUG int32
__main__ DEBUG ==============
__main__ DEBUG [[1. 0. 0.]
 [0. 1. 0.]
 [0. 0. 1.]]
__main__ DEBUG [[1 2 3]
 [4 5 6]]
__main__ DEBUG (2, 3)
__main__ DEBUG 2
__main__ DEBUG 6
__main__ DEBUG int32
__main__ DEBUG ==============
__main__ DEBUG [[6.23042070e-307 3.56043053e-307 1.60219306e-306 2.44763557e-307]
 [1.69119330e-306 1.78022342e-306 1.05700345e-307 3.11525958e-307]
 [1.78018403e-306 7.56593696e-307 1.02360867e-306 2.56765117e-312]]
__main__ DEBUG [[1 2 3]
 [4 5 6]]
__main__ DEBUG (2, 3)
__main__ DEBUG 2
__main__ DEBUG 6
__main__ DEBUG int32
__main__ DEBUG ==============
__main__ DEBUG [[3 3 3 3]
 [3 3 3 3]
 [3 3 3 3]]
__main__ DEBUG [[1 2 3]
 [4 5 6]]
__main__ DEBUG (2, 3)
__main__ DEBUG 2
__main__ DEBUG 6
__main__ DEBUG int32
__main__ DEBUG ==============
__main__ DEBUG [[ 2  4  6]
 [ 8 10 12]]
__main__ DEBUG [[1 2 3]
 [4 5 6]]
__main__ DEBUG (2, 3)
__main__ DEBUG 2
__main__ DEBUG 6
__main__ DEBUG int32
__main__ DEBUG ==============
__main__ DEBUG [[ 1  4  9]
 [16 25 36]]
__main__ DEBUG [[1 2 3]
 [4 5 6]]
__main__ DEBUG (2, 3)
__main__ DEBUG 2
__main__ DEBUG 6
__main__ DEBUG int32
__main__ DEBUG ==============
__main__ DEBUG [[1 2 3]
 [4 5 6]]
__main__ DEBUG (2, 3)
__main__ DEBUG 2
__main__ DEBUG 6
__main__ DEBUG int32
__main__ DEBUG ==============
__main__ DEBUG [[14 32]
 [32 77]]
__main__ DEBUG [[1 2 3]
 [4 5 6]]
__main__ DEBUG (2, 3)
__main__ DEBUG 2
__main__ DEBUG 6
__main__ DEBUG int32
__main__ DEBUG ==============
__main__ DEBUG (2, 2)
__main__ DEBUG [[1 2 3]
 [4 5 6]]
__main__ DEBUG (2, 3)
__main__ DEBUG 2
__main__ DEBUG 6
__main__ DEBUG int32
__main__ DEBUG ==============
__main__ DEBUG (2, 2)
__main__ DEBUG -------------------
__main__ DEBUG [[  1   2   3   4   5   6   7   8   9  10  11  12  13  14  15  16  17  18
   19  20  21  22  23  24  25  26  27  28  29  30  31  32  33  34  35  36
   37  38  39  40  41  42  43  44  45  46  47  48  49  50]
 [ 51  52  53  54  55  56  57  58  59  60  61  62  63  64  65  66  67  68
   69  70  71  72  73  74  75  76  77  78  79  80  81  82  83  84  85  86
   87  88  89  90  91  92  93  94  95  96  97  98  99 100]]
__main__ DEBUG [[1 2 3]
 [4 5 6]]
__main__ DEBUG (2, 3)
__main__ DEBUG 2
__main__ DEBUG 6
__main__ DEBUG int32
__main__ DEBUG ==============
__main__ DEBUG (2, 2)
__main__ DEBUG -------------------
__main__ DEBUG [[1 2 3]
 [4 5 6]]
__main__ DEBUG (2, 3)
__main__ DEBUG 2
__main__ DEBUG 6
__main__ DEBUG int32
__main__ DEBUG ==============
__main__ DEBUG (2, 2)
__main__ DEBUG -------------------
__main__ DEBUG [[1 2 3]
 [4 5 6]]
__main__ DEBUG (2, 3)
__main__ DEBUG 2
__main__ DEBUG 6
__main__ DEBUG int32
__main__ DEBUG ==============
__main__ DEBUG (2, 2)
__main__ DEBUG -------------------
__main__ DEBUG [[  1   2   3   4   5   6   7   8   9  10  11  12  13  14  15  16  17  18
   19  20  21  22  23  24  25  26  27  28  29  30  31  32  33  34  35  36
   37  38  39  40  41  42  43  44  45  46  47  48  49  50]
 [ 51  52  53  54  55  56  57  58  59  60  61  62  63  64  65  66  67  68
   69  70  71  72  73  74  75  76  77  78  79  80  81  82  83  84  85  86
   87  88  89  90  91  92  93  94  95  96  97  98  99 100]
 [101 102 103 104 105 106 107 108 109 110 111 112 113 114 115 116 117 118
  119 120 121 122 123 124 125 126 127 128 129 130 131 132 133 134 135 136
  137 138 139 140 141 142 143 144 145 146 147 148 149 150]]
__main__ DEBUG [[1 2 3]
 [4 5 6]]
__main__ DEBUG (2, 3)
__main__ DEBUG 2
__main__ DEBUG 6
__main__ DEBUG int32
__main__ DEBUG ==============
__main__ DEBUG (2, 2)
__main__ DEBUG -------------------
__main__ DEBUG [[  1   2   3   4   5   6   7   8   9  10  11  12  13  14  15  16  17  18
   19  20  21  22  23  24  25  26  27  28  29  30  31  32  33  34  35  36
   37  38  39  40  41  42  43  44  45  46  47  48  49  50]
 [ 51  52  53  54  55  56  57  58  59  60  61  62  63  64  65  66  67  68
   69  70  71  72  73  74  75  76  77  78  79  80  81  82  83  84  85  86
   87  88  89  90  91  92  93  94  95  96  97  98  99 100]
 [101 102 103 104 105 106 107 108 109 110 111 112 113 114 115 116 117 118
  119 120 121 122 123 124 125 126 127 128 129 130 131 132 133 134 135 136
  137 138 139 140 141 142 143 144 145 146 147 148 149 150]]
__main__ DEBUG [[1 2 3]
 [4 5 6]]
__main__ DEBUG (2, 3)
__main__ DEBUG 2
__main__ DEBUG 6
__main__ DEBUG int32
__main__ DEBUG ==============
__main__ DEBUG (2, 2)
__main__ DEBUG -------------------
__main__ DEBUG [[  1   2   3   4   5   6   7   8   9  10  11  12  13  14  15  16  17  18
   19  20  21  22  23  24  25  26  27  28  29  30  31  32  33  34  35  36
   37  38  39  40  41  42  43  44  45  46  47  48  49  50]
 [ 51  52  53  54  55  56  57  58  59  60  61  62  63  64  65  66  67  68
   69  70  71  72  73  74  75  76  77  78  79  80  81  82  83  84  85  86
   87  88  89  90  91  92  93  94  95  96  97  98  99 100]
 [101 102 103 104 105 106 107 108 109 110 111 112 113 114 115 116 117 118
  119 120 121 122 123 124 125 126 127 128 129 130 131 132 133 134 135 136
  137 138 139 140 141 142 143 144 145 146 147 148 149 150]]
